<?xml version="1.0" encoding="UTF-8"?>
<!-- Generated by org.testng.reporters.JUnitXMLReporter -->
<testsuite ignored="0" hostname="LAPTOP-A9933G39" failures="1" tests="4" name="Dependency Test" time="0.014" errors="0" timestamp="2021-09-12T15:08:49 IST">
  <testcase classname="com.qa.testcases.TestCase3" name="test4" time="0.001"/>
  <testcase classname="com.qa.testcases.TestCase3" name="doUserReg" time="0.001">
    <failure type="java.lang.AssertionError" message="user registeration not successful">
      <![CDATA[java.lang.AssertionError: user registeration not successful
at com.qa.testcases.TestCase3.doUserReg(TestCase3.java:17)
at java.base/java.util.ArrayList.forEach(ArrayList.java:1511)
... Removed 28 stack frames]]>
    </failure>
  </testcase> <!-- doUserReg -->
  <testcase classname="com.qa.testcases.TestCase3" name="doLogin" time="0.0">
    <skipped/>
  </testcase> <!-- doLogin -->
  <testcase classname="com.qa.testcases.TestCase3" name="thirdTest" time="0.001"/>
</testsuite> <!-- Dependency Test -->
