<?xml version="1.0" encoding="UTF-8"?>
<!-- Generated by org.testng.reporters.JUnitXMLReporter -->
<testsuite ignored="0" hostname="LAPTOP-A9933G39" failures="1" tests="1" name="Failure Test" time="0.006" errors="0" timestamp="2021-09-12T15:08:49 IST">
  <testcase classname="com.qa.testcases.TestFailure" name="doLogin" time="0.003">
    <failure type="java.lang.AssertionError" message="failing the login">
      <![CDATA[java.lang.AssertionError: failing the login
at org.junit.Assert.fail(Assert.java:88)
at com.qa.testcases.TestFailure.doLogin(TestFailure.java:11)
at java.base/java.util.ArrayList.forEach(ArrayList.java:1511)
... Removed 27 stack frames]]>
    </failure>
  </testcase> <!-- doLogin -->
</testsuite> <!-- Failure Test -->
