<?xml version="1.0" encoding="UTF-8"?>
<testng-results ignored="0" total="2" passed="2" failed="0" skipped="0">
  <reporter-output>
  </reporter-output>
  <suite started-at="2021-09-12T15:50:34 IST" name="Functional Suite" finished-at="2021-09-12T15:50:45 IST" duration-ms="11311">
    <groups>
    </groups>
    <test started-at="2021-09-12T15:50:34 IST" name="chrome Test" finished-at="2021-09-12T15:50:45 IST" duration-ms="11190">
      <class name="paralleltesting.TestBrowser">
        <test-method signature="launchbrowser(java.lang.String)[pri:0, instance:paralleltesting.TestBrowser@4f6ee6e4]" started-at="2021-09-12T15:50:34 IST" name="launchbrowser" finished-at="2021-09-12T15:50:45 IST" duration-ms="11130" status="PASS">
          <params>
            <param index="0">
              <value>
                <![CDATA[chrome]]>
              </value>
            </param>
          </params>
          <reporter-output>
          </reporter-output>
        </test-method> <!-- launchbrowser -->
      </class> <!-- paralleltesting.TestBrowser -->
    </test> <!-- chrome Test -->
    <test started-at="2021-09-12T15:50:34 IST" name="firefox Test" finished-at="2021-09-12T15:50:45 IST" duration-ms="11311">
      <class name="paralleltesting.TestBrowser">
        <test-method signature="launchbrowser(java.lang.String)[pri:0, instance:paralleltesting.TestBrowser@3911c2a7]" started-at="2021-09-12T15:50:34 IST" name="launchbrowser" finished-at="2021-09-12T15:50:45 IST" duration-ms="11260" status="PASS">
          <params>
            <param index="0">
              <value>
                <![CDATA[firefox]]>
              </value>
            </param>
          </params>
          <reporter-output>
          </reporter-output>
        </test-method> <!-- launchbrowser -->
      </class> <!-- paralleltesting.TestBrowser -->
    </test> <!-- firefox Test -->
  </suite> <!-- Functional Suite -->
</testng-results>
